Traceback (most recent call last):
  File "/usr/local/python/3.10.13/lib/python3.10/site-packages/jupyter_cache/executors/utils.py", line 58, in single_nb_execution
    executenb(
  File "/home/codespace/.local/lib/python3.10/site-packages/nbclient/client.py", line 1314, in execute
    return NotebookClient(nb=nb, resources=resources, km=km, **kwargs).execute()
  File "/home/codespace/.local/lib/python3.10/site-packages/jupyter_core/utils/__init__.py", line 165, in wrapped
    return loop.run_until_complete(inner)
  File "/usr/local/python/3.10.13/lib/python3.10/asyncio/base_events.py", line 649, in run_until_complete
    return future.result()
  File "/home/codespace/.local/lib/python3.10/site-packages/nbclient/client.py", line 709, in async_execute
    await self.async_execute_cell(
  File "/home/codespace/.local/lib/python3.10/site-packages/nbclient/client.py", line 1062, in async_execute_cell
    await self._check_raise_for_error(cell, cell_index, exec_reply)
  File "/home/codespace/.local/lib/python3.10/site-packages/nbclient/client.py", line 918, in _check_raise_for_error
    raise CellExecutionError.from_cell_and_msg(cell, exec_reply_content)
nbclient.exceptions.CellExecutionError: An error occurred while executing the following cell:
------------------
%matplotlib ipympl

plt.close()
from matplotlib.animation import FuncAnimation

fig, ax2 = plt.subplots()
xdata, ydata = [], []
line, = ax2.plot([], [])  # Ajout d'une couleur pour meilleure visibilité

# Définir les limites des axes
ax2.set_xlim(0, 2 * np.pi)
ax2.set_ylim(-1.5, 1.5)

def init():  # Fonction d'initialisation pour établir le fond de l'animation
    line.set_data([], [])
    return line,

def update(frame):
    xdata.append(frame)
    ydata.append(np.sin(frame))
    line.set_data(xdata, ydata)
    return line,

# Créer l'animation
ani = FuncAnimation(fig, update, frames=np.linspace(0,  2 * np.pi, 128),
                    init_func=init, interval=5, repeat = False)  # Interval ajusté pour une visualisation plus claire

plt.show()

------------------


[0;31m---------------------------------------------------------------------------[0m
[0;31mModuleNotFoundError[0m                       Traceback (most recent call last)
Cell [0;32mIn[19], line 1[0m
[0;32m----> 1[0m [43mget_ipython[49m[43m([49m[43m)[49m[38;5;241;43m.[39;49m[43mrun_line_magic[49m[43m([49m[38;5;124;43m'[39;49m[38;5;124;43mmatplotlib[39;49m[38;5;124;43m'[39;49m[43m,[49m[43m [49m[38;5;124;43m'[39;49m[38;5;124;43mipympl[39;49m[38;5;124;43m'[39;49m[43m)[49m
[1;32m      3[0m plt[38;5;241m.[39mclose()
[1;32m      4[0m [38;5;28;01mfrom[39;00m [38;5;21;01mmatplotlib[39;00m[38;5;21;01m.[39;00m[38;5;21;01manimation[39;00m [38;5;28;01mimport[39;00m FuncAnimation

File [0;32m~/.local/lib/python3.10/site-packages/IPython/core/interactiveshell.py:2480[0m, in [0;36mInteractiveShell.run_line_magic[0;34m(self, magic_name, line, _stack_depth)[0m
[1;32m   2478[0m     kwargs[[38;5;124m'[39m[38;5;124mlocal_ns[39m[38;5;124m'[39m] [38;5;241m=[39m [38;5;28mself[39m[38;5;241m.[39mget_local_scope(stack_depth)
[1;32m   2479[0m [38;5;28;01mwith[39;00m [38;5;28mself[39m[38;5;241m.[39mbuiltin_trap:
[0;32m-> 2480[0m     result [38;5;241m=[39m [43mfn[49m[43m([49m[38;5;241;43m*[39;49m[43margs[49m[43m,[49m[43m [49m[38;5;241;43m*[39;49m[38;5;241;43m*[39;49m[43mkwargs[49m[43m)[49m
[1;32m   2482[0m [38;5;66;03m# The code below prevents the output from being displayed[39;00m
[1;32m   2483[0m [38;5;66;03m# when using magics with decorator @output_can_be_silenced[39;00m
[1;32m   2484[0m [38;5;66;03m# when the last Python token in the expression is a ';'.[39;00m
[1;32m   2485[0m [38;5;28;01mif[39;00m [38;5;28mgetattr[39m(fn, magic[38;5;241m.[39mMAGIC_OUTPUT_CAN_BE_SILENCED, [38;5;28;01mFalse[39;00m):

File [0;32m~/.local/lib/python3.10/site-packages/IPython/core/magics/pylab.py:99[0m, in [0;36mPylabMagics.matplotlib[0;34m(self, line)[0m
[1;32m     97[0m     [38;5;28mprint[39m([38;5;124m"[39m[38;5;124mAvailable matplotlib backends: [39m[38;5;132;01m%s[39;00m[38;5;124m"[39m [38;5;241m%[39m backends_list)
[1;32m     98[0m [38;5;28;01melse[39;00m:
[0;32m---> 99[0m     gui, backend [38;5;241m=[39m [38;5;28;43mself[39;49m[38;5;241;43m.[39;49m[43mshell[49m[38;5;241;43m.[39;49m[43menable_matplotlib[49m[43m([49m[43margs[49m[38;5;241;43m.[39;49m[43mgui[49m[38;5;241;43m.[39;49m[43mlower[49m[43m([49m[43m)[49m[43m [49m[38;5;28;43;01mif[39;49;00m[43m [49m[38;5;28;43misinstance[39;49m[43m([49m[43margs[49m[38;5;241;43m.[39;49m[43mgui[49m[43m,[49m[43m [49m[38;5;28;43mstr[39;49m[43m)[49m[43m [49m[38;5;28;43;01melse[39;49;00m[43m [49m[43margs[49m[38;5;241;43m.[39;49m[43mgui[49m[43m)[49m
[1;32m    100[0m     [38;5;28mself[39m[38;5;241m.[39m_show_matplotlib_backend(args[38;5;241m.[39mgui, backend)

File [0;32m~/.local/lib/python3.10/site-packages/IPython/core/interactiveshell.py:3670[0m, in [0;36mInteractiveShell.enable_matplotlib[0;34m(self, gui)[0m
[1;32m   3666[0m         [38;5;28mprint[39m([38;5;124m'[39m[38;5;124mWarning: Cannot change to a different GUI toolkit: [39m[38;5;132;01m%s[39;00m[38;5;124m.[39m[38;5;124m'[39m
[1;32m   3667[0m                 [38;5;124m'[39m[38;5;124m Using [39m[38;5;132;01m%s[39;00m[38;5;124m instead.[39m[38;5;124m'[39m [38;5;241m%[39m (gui, [38;5;28mself[39m[38;5;241m.[39mpylab_gui_select))
[1;32m   3668[0m         gui, backend [38;5;241m=[39m pt[38;5;241m.[39mfind_gui_and_backend([38;5;28mself[39m[38;5;241m.[39mpylab_gui_select)
[0;32m-> 3670[0m [43mpt[49m[38;5;241;43m.[39;49m[43mactivate_matplotlib[49m[43m([49m[43mbackend[49m[43m)[49m
[1;32m   3672[0m [38;5;28;01mfrom[39;00m [38;5;21;01mmatplotlib_inline[39;00m[38;5;21;01m.[39;00m[38;5;21;01mbackend_inline[39;00m [38;5;28;01mimport[39;00m configure_inline_support
[1;32m   3674[0m configure_inline_support([38;5;28mself[39m, backend)

File [0;32m~/.local/lib/python3.10/site-packages/IPython/core/pylabtools.py:368[0m, in [0;36mactivate_matplotlib[0;34m(backend)[0m
[1;32m    363[0m [38;5;66;03m# Due to circular imports, pyplot may be only partially initialised[39;00m
[1;32m    364[0m [38;5;66;03m# when this function runs.[39;00m
[1;32m    365[0m [38;5;66;03m# So avoid needing matplotlib attribute-lookup to access pyplot.[39;00m
[1;32m    366[0m [38;5;28;01mfrom[39;00m [38;5;21;01mmatplotlib[39;00m [38;5;28;01mimport[39;00m pyplot [38;5;28;01mas[39;00m plt
[0;32m--> 368[0m [43mplt[49m[38;5;241;43m.[39;49m[43mswitch_backend[49m[43m([49m[43mbackend[49m[43m)[49m
[1;32m    370[0m plt[38;5;241m.[39mshow[38;5;241m.[39m_needmain [38;5;241m=[39m [38;5;28;01mFalse[39;00m
[1;32m    371[0m [38;5;66;03m# We need to detect at runtime whether show() is called by the user.[39;00m
[1;32m    372[0m [38;5;66;03m# For this, we wrap it into a decorator which adds a 'called' flag.[39;00m

File [0;32m~/.local/lib/python3.10/site-packages/matplotlib/pyplot.py:342[0m, in [0;36mswitch_backend[0;34m(newbackend)[0m
[1;32m    339[0m [38;5;66;03m# have to escape the switch on access logic[39;00m
[1;32m    340[0m old_backend [38;5;241m=[39m [38;5;28mdict[39m[38;5;241m.[39m[38;5;21m__getitem__[39m(rcParams, [38;5;124m'[39m[38;5;124mbackend[39m[38;5;124m'[39m)
[0;32m--> 342[0m module [38;5;241m=[39m [43mimportlib[49m[38;5;241;43m.[39;49m[43mimport_module[49m[43m([49m[43mcbook[49m[38;5;241;43m.[39;49m[43m_backend_module_name[49m[43m([49m[43mnewbackend[49m[43m)[49m[43m)[49m
[1;32m    343[0m canvas_class [38;5;241m=[39m module[38;5;241m.[39mFigureCanvas
[1;32m    345[0m required_framework [38;5;241m=[39m canvas_class[38;5;241m.[39mrequired_interactive_framework

File [0;32m/usr/local/python/3.10.13/lib/python3.10/importlib/__init__.py:126[0m, in [0;36mimport_module[0;34m(name, package)[0m
[1;32m    124[0m             [38;5;28;01mbreak[39;00m
[1;32m    125[0m         level [38;5;241m+[39m[38;5;241m=[39m [38;5;241m1[39m
[0;32m--> 126[0m [38;5;28;01mreturn[39;00m [43m_bootstrap[49m[38;5;241;43m.[39;49m[43m_gcd_import[49m[43m([49m[43mname[49m[43m[[49m[43mlevel[49m[43m:[49m[43m][49m[43m,[49m[43m [49m[43mpackage[49m[43m,[49m[43m [49m[43mlevel[49m[43m)[49m

File [0;32m<frozen importlib._bootstrap>:1050[0m, in [0;36m_gcd_import[0;34m(name, package, level)[0m

File [0;32m<frozen importlib._bootstrap>:1027[0m, in [0;36m_find_and_load[0;34m(name, import_)[0m

File [0;32m<frozen importlib._bootstrap>:992[0m, in [0;36m_find_and_load_unlocked[0;34m(name, import_)[0m

File [0;32m<frozen importlib._bootstrap>:241[0m, in [0;36m_call_with_frames_removed[0;34m(f, *args, **kwds)[0m

File [0;32m<frozen importlib._bootstrap>:1050[0m, in [0;36m_gcd_import[0;34m(name, package, level)[0m

File [0;32m<frozen importlib._bootstrap>:1027[0m, in [0;36m_find_and_load[0;34m(name, import_)[0m

File [0;32m<frozen importlib._bootstrap>:1004[0m, in [0;36m_find_and_load_unlocked[0;34m(name, import_)[0m

[0;31mModuleNotFoundError[0m: No module named 'ipympl'

