Traceback (most recent call last):
  File "/usr/local/python/3.10.13/lib/python3.10/site-packages/jupyter_cache/executors/utils.py", line 58, in single_nb_execution
    executenb(
  File "/home/codespace/.local/lib/python3.10/site-packages/nbclient/client.py", line 1314, in execute
    return NotebookClient(nb=nb, resources=resources, km=km, **kwargs).execute()
  File "/home/codespace/.local/lib/python3.10/site-packages/jupyter_core/utils/__init__.py", line 165, in wrapped
    return loop.run_until_complete(inner)
  File "/usr/local/python/3.10.13/lib/python3.10/asyncio/base_events.py", line 649, in run_until_complete
    return future.result()
  File "/home/codespace/.local/lib/python3.10/site-packages/nbclient/client.py", line 709, in async_execute
    await self.async_execute_cell(
  File "/home/codespace/.local/lib/python3.10/site-packages/nbclient/client.py", line 1062, in async_execute_cell
    await self._check_raise_for_error(cell, cell_index, exec_reply)
  File "/home/codespace/.local/lib/python3.10/site-packages/nbclient/client.py", line 918, in _check_raise_for_error
    raise CellExecutionError.from_cell_and_msg(cell, exec_reply_content)
nbclient.exceptions.CellExecutionError: An error occurred while executing the following cell:
------------------
import tkinter as tk

# Créer la fenêtre principale
root = tk.Tk()

# Créer un bouton
button = tk.Button(root, text="Cliquez ici")
button.pack()

# Démarrer la boucle d'événements
root.mainloop()
------------------


[0;31m---------------------------------------------------------------------------[0m
[0;31mTclError[0m                                  Traceback (most recent call last)
Cell [0;32mIn[7], line 4[0m
[1;32m      1[0m [38;5;28;01mimport[39;00m [38;5;21;01mtkinter[39;00m [38;5;28;01mas[39;00m [38;5;21;01mtk[39;00m
[1;32m      3[0m [38;5;66;03m# Créer la fenêtre principale[39;00m
[0;32m----> 4[0m root [38;5;241m=[39m [43mtk[49m[38;5;241;43m.[39;49m[43mTk[49m[43m([49m[43m)[49m
[1;32m      6[0m [38;5;66;03m# Créer un bouton[39;00m
[1;32m      7[0m button [38;5;241m=[39m tk[38;5;241m.[39mButton(root, text[38;5;241m=[39m[38;5;124m"[39m[38;5;124mCliquez ici[39m[38;5;124m"[39m)

File [0;32m/usr/local/python/3.10.13/lib/python3.10/tkinter/__init__.py:2299[0m, in [0;36mTk.__init__[0;34m(self, screenName, baseName, className, useTk, sync, use)[0m
[1;32m   2297[0m         baseName [38;5;241m=[39m baseName [38;5;241m+[39m ext
[1;32m   2298[0m interactive [38;5;241m=[39m [38;5;28;01mFalse[39;00m
[0;32m-> 2299[0m [38;5;28mself[39m[38;5;241m.[39mtk [38;5;241m=[39m [43m_tkinter[49m[38;5;241;43m.[39;49m[43mcreate[49m[43m([49m[43mscreenName[49m[43m,[49m[43m [49m[43mbaseName[49m[43m,[49m[43m [49m[43mclassName[49m[43m,[49m[43m [49m[43minteractive[49m[43m,[49m[43m [49m[43mwantobjects[49m[43m,[49m[43m [49m[43museTk[49m[43m,[49m[43m [49m[43msync[49m[43m,[49m[43m [49m[43muse[49m[43m)[49m
[1;32m   2300[0m [38;5;28;01mif[39;00m useTk:
[1;32m   2301[0m     [38;5;28mself[39m[38;5;241m.[39m_loadtk()

[0;31mTclError[0m: no display name and no $DISPLAY environment variable

